2025/12/03 08:35:21 Using Mailpit for email sending (local development)
[GIN-debug] [WARNING] Running in "debug" mode. Switch to "release" mode in production.
 - using env:	export GIN_MODE=release
 - using code:	gin.SetMode(gin.ReleaseMode)

[GIN-debug] OPTIONS /api/*path                --> ethos/api.SetupRoutes.func1 (7 handlers)
[GIN-debug] POST   /api/v1/auth/login        --> ethos/internal/auth/handler.(*AuthHandler).Login-fm (7 handlers)
[GIN-debug] POST   /api/v1/auth/register     --> ethos/internal/auth/handler.(*AuthHandler).Register-fm (7 handlers)
[GIN-debug] POST   /api/v1/auth/refresh      --> ethos/internal/auth/handler.(*AuthHandler).Refresh-fm (7 handlers)
[GIN-debug] POST   /api/v1/auth/request-password-reset --> ethos/internal/auth/handler.(*AuthHandler).RequestPasswordReset-fm (7 handlers)
[GIN-debug] GET    /api/v1/auth/me           --> ethos/internal/auth/handler.(*AuthHandler).Me-fm (8 handlers)
[GIN-debug] GET    /api/v1/auth/verify-email/:token --> ethos/internal/auth/handler.(*AuthHandler).VerifyEmail-fm (7 handlers)
[GIN-debug] POST   /api/v1/auth/change-password --> ethos/internal/auth/handler.(*AuthHandler).ChangePassword-fm (8 handlers)
[GIN-debug] POST   /api/v1/auth/setup-2fa    --> ethos/internal/auth/handler.(*AuthHandler).Setup2FA-fm (8 handlers)
[GIN-debug] DELETE /api/v1/auth/setup-2fa    --> ethos/internal/account/handler.(*AccountHandler).Disable2FA-fm (8 handlers)
[GIN-debug] GET    /api/v1/auth/tenants      --> ethos/internal/auth/handler.(*AuthHandler).ListUserTenants-fm (8 handlers)
[GIN-debug] POST   /api/v1/auth/tenants/:tenant_id/switch --> ethos/internal/auth/handler.(*AuthHandler).SwitchTenant-fm (8 handlers)
[GIN-debug] GET    /api/v1/auth/tenants/current --> ethos/internal/auth/handler.(*AuthHandler).GetCurrentTenant-fm (8 handlers)
[GIN-debug] GET    /api/v1/profile/me        --> ethos/internal/profile/handler.(*ProfileHandler).GetProfile-fm (8 handlers)
[GIN-debug] PUT    /api/v1/profile/me        --> ethos/internal/profile/handler.(*ProfileHandler).UpdateProfile-fm (8 handlers)
[GIN-debug] PATCH  /api/v1/profile/me/preferences --> ethos/internal/profile/handler.(*ProfileHandler).UpdatePreferences-fm (8 handlers)
[GIN-debug] DELETE /api/v1/profile/me        --> ethos/internal/profile/handler.(*ProfileHandler).DeleteProfile-fm (8 handlers)
[GIN-debug] POST   /api/v1/profile/opt-out   --> ethos/internal/profile/handler.(*ProfileHandler).OptOut-fm (8 handlers)
[GIN-debug] POST   /api/v1/profile/anonymize --> ethos/internal/profile/handler.(*ProfileHandler).Anonymize-fm (8 handlers)
[GIN-debug] POST   /api/v1/profile/delete_request --> ethos/internal/profile/handler.(*ProfileHandler).RequestDeletion-fm (8 handlers)
[GIN-debug] GET    /api/v1/profile/user-profile --> ethos/internal/profile/handler.(*ProfileHandler).SearchProfiles-fm (7 handlers)
[GIN-debug] GET    /api/v1/profile/:user_id  --> ethos/internal/profile/handler.(*ProfileHandler).GetUserProfileByID-fm (7 handlers)
[GIN-debug] GET    /api/v1/organizations     --> ethos/internal/organization/handler.(*OrganizationHandler).ListOrganizations-fm (8 handlers)
[GIN-debug] POST   /api/v1/organizations     --> ethos/internal/organization/handler.(*OrganizationHandler).CreateOrganization-fm (8 handlers)
[GIN-debug] GET    /api/v1/organizations/:org_id --> ethos/internal/organization/handler.(*OrganizationHandler).GetOrganization-fm (8 handlers)
[GIN-debug] PUT    /api/v1/organizations/:org_id --> ethos/internal/organization/handler.(*OrganizationHandler).UpdateOrganization-fm (8 handlers)
[GIN-debug] DELETE /api/v1/organizations/:org_id --> ethos/internal/organization/handler.(*OrganizationHandler).DeleteOrganization-fm (8 handlers)
[GIN-debug] GET    /api/v1/organizations/:org_id/members --> ethos/internal/organization/handler.(*OrganizationHandler).ListOrganizationMembers-fm (8 handlers)
[GIN-debug] POST   /api/v1/organizations/:org_id/members --> ethos/internal/organization/handler.(*OrganizationHandler).AddOrganizationMember-fm (8 handlers)
[GIN-debug] PUT    /api/v1/organizations/:org_id/members/:user_id --> ethos/internal/organization/handler.(*OrganizationHandler).UpdateOrganizationMemberRole-fm (8 handlers)
[GIN-debug] DELETE /api/v1/organizations/:org_id/members/:user_id --> ethos/internal/organization/handler.(*OrganizationHandler).RemoveOrganizationMember-fm (8 handlers)
[GIN-debug] GET    /api/v1/organizations/:org_id/settings --> ethos/internal/organization/handler.(*OrganizationHandler).GetOrganizationSettings-fm (8 handlers)
[GIN-debug] PUT    /api/v1/organizations/:org_id/settings --> ethos/internal/organization/handler.(*OrganizationHandler).UpdateOrganizationSettings-fm (8 handlers)
[GIN-debug] GET    /api/v1/organizations/:org_id/admin/analytics/overview --> ethos/internal/organization/handler.(*OrganizationHandler).GetOrganizationAnalytics-fm (9 handlers)
[GIN-debug] GET    /api/v1/organizations/:org_id/admin/analytics/users --> ethos/internal/organization/handler.(*OrganizationHandler).GetOrganizationUserAnalytics-fm (9 handlers)
[GIN-debug] GET    /api/v1/organizations/:org_id/admin/analytics/content --> ethos/internal/organization/handler.(*OrganizationHandler).GetOrganizationContentAnalytics-fm (9 handlers)
[GIN-debug] GET    /api/v1/organizations/:org_id/admin/users --> ethos/internal/organization/handler.(*OrganizationHandler).ListOrganizationUsers-fm (9 handlers)
[GIN-debug] POST   /api/v1/organizations/:org_id/admin/users/:user_id/suspend --> ethos/internal/organization/handler.(*OrganizationHandler).SuspendOrganizationUser-fm (9 handlers)
[GIN-debug] POST   /api/v1/organizations/:org_id/admin/users/:user_id/unsuspend --> ethos/internal/organization/handler.(*OrganizationHandler).UnsuspendOrganizationUser-fm (9 handlers)
[GIN-debug] DELETE /api/v1/organizations/:org_id/admin/users/:user_id --> ethos/internal/organization/handler.(*OrganizationHandler).RemoveOrganizationUser-fm (9 handlers)
[GIN-debug] GET    /api/v1/organizations/:org_id/admin/moderation/pending --> ethos/internal/moderation/handler.(*ModerationHandler).ListOrganizationPendingContent-fm (9 handlers)
[GIN-debug] POST   /api/v1/organizations/:org_id/admin/moderation/:content_id/review --> ethos/internal/moderation/handler.(*ModerationHandler).ReviewOrganizationContent-fm (9 handlers)
[GIN-debug] GET    /api/v1/organizations/:org_id/admin/moderation/stats --> ethos/internal/moderation/handler.(*ModerationHandler).GetOrganizationModerationStats-fm (9 handlers)
[GIN-debug] GET    /api/v1/organizations/:org_id/admin/audit --> ethos/internal/organization/handler.(*OrganizationHandler).GetOrganizationAuditLogs-fm (9 handlers)
[GIN-debug] GET    /api/v1/organizations/:org_id/admin/audit/export --> ethos/internal/organization/handler.(*OrganizationHandler).ExportOrganizationAuditLogs-fm (9 handlers)
[GIN-debug] GET    /api/v1/organizations/:org_id/admin/incidents --> ethos/internal/organization/handler.(*OrganizationHandler).ListOrganizationIncidents-fm (9 handlers)
[GIN-debug] POST   /api/v1/organizations/:org_id/admin/incidents --> ethos/internal/organization/handler.(*OrganizationHandler).CreateOrganizationIncident-fm (9 handlers)
[GIN-debug] PUT    /api/v1/organizations/:org_id/admin/incidents/:incident_id --> ethos/internal/organization/handler.(*OrganizationHandler).UpdateOrganizationIncident-fm (9 handlers)
[GIN-debug] GET    /api/v1/organizations/:org_id/moderation/appeals --> ethos/internal/moderation/handler.(*ModerationHandler).ListAppeals-fm (8 handlers)
[GIN-debug] POST   /api/v1/organizations/:org_id/moderation/appeals --> ethos/internal/moderation/handler.(*ModerationHandler).SubmitAppeal-fm (8 handlers)
[GIN-debug] GET    /api/v1/organizations/:org_id/moderation/appeals/:appeal_id/context --> ethos/internal/moderation/handler.(*ModerationHandler).GetAppealContext-fm (8 handlers)
[GIN-debug] GET    /api/v1/organizations/:org_id/moderation/actions --> ethos/internal/moderation/handler.(*ModerationHandler).ListModerationActions-fm (8 handlers)
[GIN-debug] GET    /api/v1/organizations/:org_id/moderation/history/:user_id --> ethos/internal/moderation/handler.(*ModerationHandler).GetModerationHistory-fm (8 handlers)
[GIN-debug] GET    /api/v1/feedback/feed     --> ethos/internal/feedback/handler.(*FeedbackHandler).GetFeed-fm (8 handlers)
[GIN-debug] GET    /api/v1/feedback/:feedback_id --> ethos/internal/feedback/handler.(*FeedbackHandler).GetFeedbackByID-fm (8 handlers)
[GIN-debug] GET    /api/v1/feedback/:feedback_id/comments --> ethos/internal/feedback/handler.(*FeedbackHandler).GetComments-fm (8 handlers)
[GIN-debug] POST   /api/v1/feedback          --> ethos/internal/feedback/handler.(*FeedbackHandler).CreateFeedback-fm (8 handlers)
[GIN-debug] POST   /api/v1/feedback/:feedback_id/comments --> ethos/internal/feedback/handler.(*FeedbackHandler).CreateComment-fm (8 handlers)
[GIN-debug] POST   /api/v1/feedback/:feedback_id/react --> ethos/internal/feedback/handler.(*FeedbackHandler).AddReaction-fm (8 handlers)
[GIN-debug] DELETE /api/v1/feedback/:feedback_id/react --> ethos/internal/feedback/handler.(*FeedbackHandler).RemoveReaction-fm (8 handlers)
[GIN-debug] GET    /api/v1/feedback/templates --> ethos/internal/feedback/handler.(*FeedbackHandler).GetTemplates-fm (7 handlers)
[GIN-debug] POST   /api/v1/feedback/template_suggestions --> ethos/internal/feedback/handler.(*FeedbackHandler).PostTemplateSuggestions-fm (7 handlers)
[GIN-debug] GET    /api/v1/feedback/impact   --> ethos/internal/feedback/handler.(*FeedbackHandler).GetImpact-fm (7 handlers)
[GIN-debug] POST   /api/v1/feedback/batch    --> ethos/internal/feedback/handler.(*FeedbackHandler).CreateBatchFeedback-fm (7 handlers)
[GIN-debug] GET    /api/v1/feedback/bookmarks --> ethos/internal/feedback/handler.(*FeedbackHandler).GetBookmarks-fm (7 handlers)
[GIN-debug] POST   /api/v1/feedback/bookmarks/:feedback_id --> ethos/internal/feedback/handler.(*FeedbackHandler).AddBookmark-fm (7 handlers)
[GIN-debug] DELETE /api/v1/feedback/bookmarks/:feedback_id --> ethos/internal/feedback/handler.(*FeedbackHandler).RemoveBookmark-fm (7 handlers)
[GIN-debug] GET    /api/v1/feedback/export   --> ethos/internal/feedback/handler.(*FeedbackHandler).ExportFeedback-fm (7 handlers)
[GIN-debug] GET    /api/v1/feedback/analytics --> ethos/internal/feedback/handler.(*FeedbackHandler).GetFeedbackAnalytics-fm (8 handlers)
[GIN-debug] PUT    /api/v1/feedback/:feedback_id --> ethos/internal/feedback/handler.(*FeedbackHandler).UpdateFeedback-fm (8 handlers)
[GIN-debug] DELETE /api/v1/feedback/:feedback_id --> ethos/internal/feedback/handler.(*FeedbackHandler).DeleteFeedback-fm (8 handlers)
[GIN-debug] PUT    /api/v1/feedback/:feedback_id/comments/:comment_id --> ethos/internal/feedback/handler.(*FeedbackHandler).UpdateComment-fm (8 handlers)
[GIN-debug] DELETE /api/v1/feedback/:feedback_id/comments/:comment_id --> ethos/internal/feedback/handler.(*FeedbackHandler).DeleteComment-fm (8 handlers)
[GIN-debug] GET    /api/v1/feedback/search   --> ethos/internal/feedback/handler.(*FeedbackHandler).SearchFeedback-fm (8 handlers)
[GIN-debug] GET    /api/v1/feedback/trending --> ethos/internal/feedback/handler.(*FeedbackHandler).GetTrendingFeedback-fm (8 handlers)
[GIN-debug] POST   /api/v1/feedback/:feedback_id/pin --> ethos/internal/feedback/handler.(*FeedbackHandler).PinFeedback-fm (8 handlers)
[GIN-debug] DELETE /api/v1/feedback/:feedback_id/pin --> ethos/internal/feedback/handler.(*FeedbackHandler).UnpinFeedback-fm (8 handlers)
[GIN-debug] GET    /api/v1/feedback/stats    --> ethos/internal/feedback/handler.(*FeedbackHandler).GetFeedbackStats-fm (8 handlers)
[GIN-debug] GET    /api/v1/notifications     --> ethos/internal/notifications/handler.(*NotificationHandler).GetNotifications-fm (8 handlers)
[GIN-debug] PUT    /api/v1/notifications/:id/read --> ethos/internal/notifications/handler.(*NotificationHandler).MarkAsRead-fm (8 handlers)
[GIN-debug] PUT    /api/v1/notifications/mark-all-read --> ethos/internal/notifications/handler.(*NotificationHandler).MarkAllAsRead-fm (8 handlers)
[GIN-debug] GET    /api/v1/notifications/preferences --> ethos/internal/notifications/handler.(*NotificationHandler).GetPreferences-fm (8 handlers)
[GIN-debug] PUT    /api/v1/notifications/preferences --> ethos/internal/notifications/handler.(*NotificationHandler).UpdatePreferences-fm (8 handlers)
[GIN-debug] GET    /api/v1/dashboard         --> ethos/internal/dashboard/handler.(*DashboardHandler).GetDashboard-fm (8 handlers)
[GIN-debug] GET    /api/v1/people/search     --> ethos/internal/people/handler.(*PeopleHandler).SearchPeople-fm (8 handlers)
[GIN-debug] GET    /api/v1/people/recommendations --> ethos/internal/people/handler.(*PeopleHandler).GetRecommendations-fm (8 handlers)
[GIN-debug] GET    /api/v1/community/rules   --> ethos/internal/community/handler.(*CommunityHandler).GetRules-fm (7 handlers)
[GIN-debug] GET    /api/v1/account/security-events --> ethos/internal/account/handler.(*AccountHandler).GetSecurityEvents-fm (8 handlers)
[GIN-debug] GET    /api/v1/account/export-data/:export_id/status --> ethos/internal/account/handler.(*AccountHandler).GetExportStatus-fm (8 handlers)
[GIN-debug] POST   /api/v1/appeals           --> ethos/internal/appeal/handler.(*AppealHandler).SubmitAppeal-fm (8 handlers)
[GIN-debug] GET    /api/v1/appeals           --> ethos/internal/appeal/handler.(*AppealHandler).GetUserAppeals-fm (8 handlers)
[GIN-debug] GET    /api/v1/appeals/:appeal_id --> ethos/internal/appeal/handler.(*AppealHandler).GetAppealByID-fm (8 handlers)
[GIN-debug] GET    /api/v1/health            --> ethos/api.SetupRoutes.func2 (7 handlers)
[GIN-debug] GET    /api/v1/ready             --> ethos/api.SetupRoutes.func3 (7 handlers)
[GIN-debug] GET    /api/v1/admin/users       --> ethos/internal/organization/handler.(*OrganizationHandler).ListAllUsers-fm (9 handlers)
[GIN-debug] GET    /api/v1/admin/users/:user_id --> ethos/internal/organization/handler.(*OrganizationHandler).GetUserDetails-fm (9 handlers)
[GIN-debug] POST   /api/v1/admin/users/:user_id/suspend --> ethos/internal/organization/handler.(*OrganizationHandler).SuspendUser-fm (9 handlers)
[GIN-debug] POST   /api/v1/admin/users/:user_id/ban --> ethos/internal/organization/handler.(*OrganizationHandler).BanUser-fm (9 handlers)
[GIN-debug] POST   /api/v1/admin/users/:user_id/unban --> ethos/internal/organization/handler.(*OrganizationHandler).UnbanUser-fm (9 handlers)
[GIN-debug] DELETE /api/v1/admin/users/:user_id --> ethos/internal/organization/handler.(*OrganizationHandler).DeleteUser-fm (9 handlers)
[GIN-debug] GET    /api/v1/admin/content/pending --> ethos/internal/moderation/handler.(*ModerationHandler).ListPendingContent-fm (9 handlers)
[GIN-debug] POST   /api/v1/admin/content/:content_id/moderate --> ethos/internal/moderation/handler.(*ModerationHandler).ModerateContent-fm (9 handlers)
[GIN-debug] POST   /api/v1/admin/content/:content_id/escalate --> ethos/internal/moderation/handler.(*ModerationHandler).EscalateContent-fm (9 handlers)
[GIN-debug] DELETE /api/v1/admin/content/:content_id --> ethos/internal/moderation/handler.(*ModerationHandler).DeleteContent-fm (9 handlers)
[GIN-debug] GET    /api/v1/admin/analytics/overview --> ethos/internal/organization/handler.(*OrganizationHandler).GetSystemAnalytics-fm (9 handlers)
[GIN-debug] GET    /api/v1/admin/analytics/users --> ethos/internal/organization/handler.(*OrganizationHandler).GetUserAnalytics-fm (9 handlers)
[GIN-debug] GET    /api/v1/admin/analytics/content --> ethos/internal/organization/handler.(*OrganizationHandler).GetContentAnalytics-fm (9 handlers)
[GIN-debug] GET    /api/v1/admin/analytics/moderation --> ethos/internal/moderation/handler.(*ModerationHandler).GetModerationAnalytics-fm (9 handlers)
[GIN-debug] GET    /api/v1/admin/audit       --> ethos/internal/organization/handler.(*OrganizationHandler).GetAuditLogs-fm (9 handlers)
[GIN-debug] GET    /api/v1/admin/audit/:entry_id --> ethos/internal/organization/handler.(*OrganizationHandler).GetAuditEntry-fm (9 handlers)
[GIN-debug] GET    /api/v1/admin/settings    --> ethos/internal/organization/handler.(*OrganizationHandler).GetSystemSettings-fm (9 handlers)
[GIN-debug] PUT    /api/v1/admin/settings    --> ethos/internal/organization/handler.(*OrganizationHandler).UpdateSystemSettings-fm (9 handlers)
[GIN-debug] POST   /api/v1/admin/bulk/suspend-users --> ethos/internal/organization/handler.(*OrganizationHandler).BulkSuspendUsers-fm (9 handlers)
[GIN-debug] POST   /api/v1/admin/bulk/delete-content --> ethos/internal/moderation/handler.(*ModerationHandler).BulkDeleteContent-fm (9 handlers)
2025/12/03 08:35:21 Server starting on port 8001
[GIN] 2025/12/03 - 08:36:49 | 401 |     250.042µs |             ::1 | POST     "/api/v1/auth/register"
[GIN] 2025/12/03 - 08:36:50 | 401 |      21.375µs |             ::1 | POST     "/api/v1/auth/request-password-reset"
[GIN] 2025/12/03 - 08:36:51 | 401 |      22.708µs |             ::1 | GET      "/api/v1/auth/verify-email/verify_user_1"
[GIN] 2025/12/03 - 13:40:31 | 401 |        3.75ms |             ::1 | GET      "/test"
